<?xml version="1.0" encoding="UTF-8"?>
<!-- Generated by org.testng.reporters.JUnitXMLReporter -->
<testsuite hostname="Lenovo-PC" ignored="0" name="FREE CRM Test Cases" tests="3" failures="0" timestamp="12 Aug 2018 12:37:03 GMT" time="8.843" errors="0">
  <testcase name="verifyTheLink" time="0.012" classname="com.crm.qa.testcases.googleTest"/>
  <testcase name="verifyTheTitle" time="0.022" classname="com.crm.qa.testcases.googleTest"/>
  <testcase name="verifyTheLogo" time="0.063" classname="com.crm.qa.testcases.googleTest"/>
</testsuite> <!-- FREE CRM Test Cases -->
