<?xml version="1.0" encoding="UTF-8"?>
<!-- Generated by org.testng.reporters.JUnitXMLReporter -->
<testsuite hostname="Lenovo-PC" ignored="0" name="Default test" tests="3" failures="0" timestamp="12 Aug 2018 12:34:43 GMT" time="27.507" errors="0">
  <testcase name="verifyTheLink" time="0.011" classname="com.crm.qa.testcases.googleTest"/>
  <testcase name="verifyTheTitle" time="0.017" classname="com.crm.qa.testcases.googleTest"/>
  <testcase name="verifyTheLogo" time="0.745" classname="com.crm.qa.testcases.googleTest"/>
</testsuite> <!-- Default test -->
