<?xml version="1.0" encoding="UTF-8"?>
<testng-results skipped="0" failed="0" ignored="0" total="3" passed="3">
  <reporter-output>
  </reporter-output>
  <suite name="CRMPractice" duration-ms="8843" started-at="2018-08-12T12:36:55Z" finished-at="2018-08-12T12:37:03Z">
    <groups>
    </groups>
    <test name="FREE CRM Test Cases" duration-ms="8843" started-at="2018-08-12T12:36:55Z" finished-at="2018-08-12T12:37:03Z">
      <class name="com.crm.qa.testcases.googleTest">
        <test-method status="PASS" signature="setup()[pri:0, instance:com.crm.qa.testcases.googleTest@754ba872]" name="setup" is-config="true" duration-ms="7834" started-at="2018-08-12T12:36:55Z" finished-at="2018-08-12T12:37:02Z">
          <reporter-output>
          </reporter-output>
        </test-method> <!-- setup -->
        <test-method status="PASS" signature="verifyTheLink()[pri:0, instance:com.crm.qa.testcases.googleTest@754ba872]" name="verifyTheLink" duration-ms="12" started-at="2018-08-12T12:37:02Z" finished-at="2018-08-12T12:37:02Z">
          <reporter-output>
          </reporter-output>
        </test-method> <!-- verifyTheLink -->
        <test-method status="PASS" signature="verifyTheTitle()[pri:0, instance:com.crm.qa.testcases.googleTest@754ba872]" name="verifyTheTitle" duration-ms="22" started-at="2018-08-12T12:37:02Z" finished-at="2018-08-12T12:37:02Z">
          <reporter-output>
          </reporter-output>
        </test-method> <!-- verifyTheTitle -->
        <test-method status="PASS" signature="verifyTheLogo()[pri:1, instance:com.crm.qa.testcases.googleTest@754ba872]" name="verifyTheLogo" duration-ms="63" started-at="2018-08-12T12:37:02Z" finished-at="2018-08-12T12:37:03Z">
          <reporter-output>
          </reporter-output>
        </test-method> <!-- verifyTheLogo -->
        <test-method status="PASS" signature="teardown()[pri:0, instance:com.crm.qa.testcases.googleTest@754ba872]" name="teardown" is-config="true" duration-ms="858" started-at="2018-08-12T12:37:03Z" finished-at="2018-08-12T12:37:03Z">
          <reporter-output>
          </reporter-output>
        </test-method> <!-- teardown -->
      </class> <!-- com.crm.qa.testcases.googleTest -->
    </test> <!-- FREE CRM Test Cases -->
  </suite> <!-- CRMPractice -->
</testng-results>
